<?xml version="1.0" encoding="UTF-8"?>
<testsuite xmlns:xsi="http://www.w3.org/2001/XMLSchema-instance" xsi:noNamespaceSchemaLocation="https://maven.apache.org/surefire/maven-surefire-plugin/xsd/surefire-test-report.xsd" name="com.yodlee.categorization.algo.legacy.LegacyCategorisationServiceImplTest" time="0.292" tests="29" errors="0" skipped="0" failures="0">
  <properties>
    <property name="sun.desktop" value="windows"/>
    <property name="awt.toolkit" value="sun.awt.windows.WToolkit"/>
    <property name="file.encoding.pkg" value="sun.io"/>
    <property name="java.specification.version" value="1.8"/>
    <property name="sun.cpu.isalist" value="amd64"/>
    <property name="sun.jnu.encoding" value="Cp1252"/>
    <property name="java.class.path" value="C:\Platform\razor\categorization\service\postgres\target\test-classes;C:\Platform\razor\categorization\service\postgres\target\classes;c:\nextgen\org\apache\commons\commons-csv\1.1\commons-csv-1.1.jar;c:\nextgen\com\google\code\gson\gson\2.8.2\gson-2.8.2.jar;c:\nextgen\org\springframework\boot\spring-boot-starter\2.0.0.RELEASE\spring-boot-starter-2.0.0.RELEASE.jar;c:\nextgen\org\springframework\boot\spring-boot\2.0.0.RELEASE\spring-boot-2.0.0.RELEASE.jar;c:\nextgen\org\springframework\spring-context\5.0.4.RELEASE\spring-context-5.0.4.RELEASE.jar;c:\nextgen\org\springframework\boot\spring-boot-autoconfigure\2.0.0.RELEASE\spring-boot-autoconfigure-2.0.0.RELEASE.jar;c:\nextgen\javax\annotation\javax.annotation-api\1.3.2\javax.annotation-api-1.3.2.jar;c:\nextgen\org\springframework\boot\spring-boot-starter-log4j2\2.0.0.RELEASE\spring-boot-starter-log4j2-2.0.0.RELEASE.jar;c:\nextgen\org\apache\logging\log4j\log4j-slf4j-impl\2.10.0\log4j-slf4j-impl-2.10.0.jar;c:\nextgen\org\apache\logging\log4j\log4j-api\2.10.0\log4j-api-2.10.0.jar;c:\nextgen\org\apache\logging\log4j\log4j-core\2.10.0\log4j-core-2.10.0.jar;c:\nextgen\org\slf4j\jul-to-slf4j\1.7.25\jul-to-slf4j-1.7.25.jar;c:\nextgen\com\amazonaws\aws-java-sdk-s3\1.11.24\aws-java-sdk-s3-1.11.24.jar;c:\nextgen\com\amazonaws\aws-java-sdk-kms\1.11.24\aws-java-sdk-kms-1.11.24.jar;c:\nextgen\com\amazonaws\aws-java-sdk-core\1.11.24\aws-java-sdk-core-1.11.24.jar;c:\nextgen\com\fasterxml\jackson\dataformat\jackson-dataformat-cbor\2.9.4\jackson-dataformat-cbor-2.9.4.jar;c:\nextgen\joda-time\joda-time\2.9.9\joda-time-2.9.9.jar;c:\nextgen\org\springframework\boot\spring-boot-starter-web\2.0.0.RELEASE\spring-boot-starter-web-2.0.0.RELEASE.jar;c:\nextgen\org\springframework\boot\spring-boot-starter-json\2.0.0.RELEASE\spring-boot-starter-json-2.0.0.RELEASE.jar;c:\nextgen\com\fasterxml\jackson\datatype\jackson-datatype-jdk8\2.9.4\jackson-datatype-jdk8-2.9.4.jar;c:\nextgen\com\fasterxml\jackson\datatype\jackson-datatype-jsr310\2.9.4\jackson-datatype-jsr310-2.9.4.jar;c:\nextgen\com\fasterxml\jackson\module\jackson-module-parameter-names\2.9.4\jackson-module-parameter-names-2.9.4.jar;c:\nextgen\org\hibernate\validator\hibernate-validator\6.0.7.Final\hibernate-validator-6.0.7.Final.jar;c:\nextgen\javax\validation\validation-api\2.0.1.Final\validation-api-2.0.1.Final.jar;c:\nextgen\com\fasterxml\classmate\1.3.4\classmate-1.3.4.jar;c:\nextgen\org\springframework\spring-web\5.0.4.RELEASE\spring-web-5.0.4.RELEASE.jar;c:\nextgen\org\springframework\spring-webmvc\5.0.4.RELEASE\spring-webmvc-5.0.4.RELEASE.jar;c:\nextgen\org\springframework\spring-aop\5.0.4.RELEASE\spring-aop-5.0.4.RELEASE.jar;c:\nextgen\org\apache\lucene\lucene-core\6.1.0\lucene-core-6.1.0.jar;c:\nextgen\org\apache\lucene\lucene-analyzers-common\6.1.0\lucene-analyzers-common-6.1.0.jar;c:\nextgen\org\apache\lucene\lucene-queryparser\7.1.0\lucene-queryparser-7.1.0.jar;c:\nextgen\org\apache\lucene\lucene-queries\7.1.0\lucene-queries-7.1.0.jar;c:\nextgen\org\apache\lucene\lucene-sandbox\7.1.0\lucene-sandbox-7.1.0.jar;c:\nextgen\org\apache\httpcomponents\httpasyncclient\4.1.3\httpasyncclient-4.1.3.jar;c:\nextgen\org\apache\httpcomponents\httpcore\4.4.9\httpcore-4.4.9.jar;c:\nextgen\org\apache\httpcomponents\httpcore-nio\4.4.9\httpcore-nio-4.4.9.jar;c:\nextgen\org\apache\httpcomponents\httpclient\4.5.5\httpclient-4.5.5.jar;c:\nextgen\org\postgresql\postgresql\42.2.18\postgresql-42.2.18.jar;c:\nextgen\org\checkerframework\checker-qual\3.5.0\checker-qual-3.5.0.jar;c:\nextgen\org\springframework\spring-core\5.0.5.RELEASE\spring-core-5.0.5.RELEASE.jar;c:\nextgen\org\springframework\spring-jcl\5.0.4.RELEASE\spring-jcl-5.0.4.RELEASE.jar;c:\nextgen\org\springframework\data\spring-data-commons\2.0.7.RELEASE\spring-data-commons-2.0.7.RELEASE.jar;c:\nextgen\org\springframework\spring-beans\5.0.4.RELEASE\spring-beans-5.0.4.RELEASE.jar;c:\nextgen\org\slf4j\slf4j-api\1.7.25\slf4j-api-1.7.25.jar;c:\nextgen\org\springframework\spring-expression\5.0.5.RELEASE\spring-expression-5.0.5.RELEASE.jar;c:\nextgen\org\springframework\spring-oxm\5.0.4.RELEASE\spring-oxm-5.0.4.RELEASE.jar;c:\nextgen\org\springframework\boot\spring-boot-starter-test\2.0.0.RELEASE\spring-boot-starter-test-2.0.0.RELEASE.jar;c:\nextgen\org\springframework\boot\spring-boot-test\2.0.0.RELEASE\spring-boot-test-2.0.0.RELEASE.jar;c:\nextgen\org\springframework\boot\spring-boot-test-autoconfigure\2.0.0.RELEASE\spring-boot-test-autoconfigure-2.0.0.RELEASE.jar;c:\nextgen\com\jayway\jsonpath\json-path\2.4.0\json-path-2.4.0.jar;c:\nextgen\net\minidev\json-smart\2.3\json-smart-2.3.jar;c:\nextgen\net\minidev\accessors-smart\1.2\accessors-smart-1.2.jar;c:\nextgen\org\ow2\asm\asm\5.0.4\asm-5.0.4.jar;c:\nextgen\junit\junit\4.12\junit-4.12.jar;c:\nextgen\org\assertj\assertj-core\3.9.1\assertj-core-3.9.1.jar;c:\nextgen\org\mockito\mockito-core\2.15.0\mockito-core-2.15.0.jar;c:\nextgen\net\bytebuddy\byte-buddy-agent\1.7.10\byte-buddy-agent-1.7.10.jar;c:\nextgen\org\objenesis\objenesis\2.6\objenesis-2.6.jar;c:\nextgen\org\hamcrest\hamcrest-core\1.3\hamcrest-core-1.3.jar;c:\nextgen\org\hamcrest\hamcrest-library\1.3\hamcrest-library-1.3.jar;c:\nextgen\org\skyscreamer\jsonassert\1.5.0\jsonassert-1.5.0.jar;c:\nextgen\com\vaadin\external\google\android-json\0.0.20131108.vaadin1\android-json-0.0.20131108.vaadin1.jar;c:\nextgen\org\springframework\spring-test\5.0.4.RELEASE\spring-test-5.0.4.RELEASE.jar;c:\nextgen\org\xmlunit\xmlunit-core\2.5.1\xmlunit-core-2.5.1.jar;c:\nextgen\org\springframework\boot\spring-boot-starter-thymeleaf\2.0.0.RELEASE\spring-boot-starter-thymeleaf-2.0.0.RELEASE.jar;c:\nextgen\org\thymeleaf\thymeleaf-spring5\3.0.9.RELEASE\thymeleaf-spring5-3.0.9.RELEASE.jar;c:\nextgen\org\thymeleaf\thymeleaf\3.0.9.RELEASE\thymeleaf-3.0.9.RELEASE.jar;c:\nextgen\org\attoparser\attoparser\2.0.4.RELEASE\attoparser-2.0.4.RELEASE.jar;c:\nextgen\org\unbescape\unbescape\1.1.5.RELEASE\unbescape-1.1.5.RELEASE.jar;c:\nextgen\org\thymeleaf\extras\thymeleaf-extras-java8time\3.0.1.RELEASE\thymeleaf-extras-java8time-3.0.1.RELEASE.jar;c:\nextgen\org\springframework\boot\spring-boot-devtools\2.0.0.RELEASE\spring-boot-devtools-2.0.0.RELEASE.jar;c:\nextgen\org\codehaus\castor\castor\1.2\castor-1.2.jar;c:\nextgen\commons-logging\commons-logging\1.1.1\commons-logging-1.1.1.jar;c:\nextgen\org\yaml\snakeyaml\1.26\snakeyaml-1.26.jar;c:\nextgen\commons-io\commons-io\2.7\commons-io-2.7.jar;c:\nextgen\commons-beanutils\commons-beanutils\1.9.4\commons-beanutils-1.9.4.jar;c:\nextgen\commons-collections\commons-collections\3.2.2\commons-collections-3.2.2.jar;c:\nextgen\com\fasterxml\jackson\core\jackson-databind\2.10.0\jackson-databind-2.10.0.jar;c:\nextgen\com\fasterxml\jackson\core\jackson-core\2.10.0\jackson-core-2.10.0.jar;c:\nextgen\com\fasterxml\jackson\core\jackson-annotations\2.10.0\jackson-annotations-2.10.0.jar;c:\nextgen\org\springframework\boot\spring-boot-starter-data-jpa\2.0.0.RELEASE\spring-boot-starter-data-jpa-2.0.0.RELEASE.jar;c:\nextgen\org\springframework\boot\spring-boot-starter-aop\2.0.0.RELEASE\spring-boot-starter-aop-2.0.0.RELEASE.jar;c:\nextgen\org\aspectj\aspectjweaver\1.8.13\aspectjweaver-1.8.13.jar;c:\nextgen\org\springframework\boot\spring-boot-starter-jdbc\2.0.0.RELEASE\spring-boot-starter-jdbc-2.0.0.RELEASE.jar;c:\nextgen\com\zaxxer\HikariCP\2.7.8\HikariCP-2.7.8.jar;c:\nextgen\org\springframework\spring-jdbc\5.0.4.RELEASE\spring-jdbc-5.0.4.RELEASE.jar;c:\nextgen\org\hibernate\hibernate-core\5.2.14.Final\hibernate-core-5.2.14.Final.jar;c:\nextgen\antlr\antlr\2.7.7\antlr-2.7.7.jar;c:\nextgen\org\jboss\jandex\2.0.3.Final\jandex-2.0.3.Final.jar;c:\nextgen\javax\transaction\javax.transaction-api\1.2\javax.transaction-api-1.2.jar;c:\nextgen\org\springframework\data\spring-data-jpa\2.0.5.RELEASE\spring-data-jpa-2.0.5.RELEASE.jar;c:\nextgen\org\springframework\spring-orm\5.0.4.RELEASE\spring-orm-5.0.4.RELEASE.jar;c:\nextgen\org\springframework\spring-tx\5.0.4.RELEASE\spring-tx-5.0.4.RELEASE.jar;c:\nextgen\org\springframework\spring-aspects\5.0.4.RELEASE\spring-aspects-5.0.4.RELEASE.jar;c:\nextgen\javax\servlet\javax.servlet-api\3.1.0\javax.servlet-api-3.1.0.jar;c:\nextgen\javax\inject\javax.inject\1\javax.inject-1.jar;c:\nextgen\org\hibernate\hibernate-entitymanager\5.2.14.Final\hibernate-entitymanager-5.2.14.Final.jar;c:\nextgen\org\jboss\logging\jboss-logging\3.3.2.Final\jboss-logging-3.3.2.Final.jar;c:\nextgen\dom4j\dom4j\1.6.1\dom4j-1.6.1.jar;c:\nextgen\org\hibernate\common\hibernate-commons-annotations\5.0.1.Final\hibernate-commons-annotations-5.0.1.Final.jar;c:\nextgen\org\hibernate\javax\persistence\hibernate-jpa-2.1-api\1.0.0.Final\hibernate-jpa-2.1-api-1.0.0.Final.jar;c:\nextgen\org\javassist\javassist\3.22.0-GA\javassist-3.22.0-GA.jar;c:\nextgen\net\bytebuddy\byte-buddy\1.7.10\byte-buddy-1.7.10.jar;c:\nextgen\org\jboss\spec\javax\transaction\jboss-transaction-api_1.2_spec\1.0.1.Final\jboss-transaction-api_1.2_spec-1.0.1.Final.jar;c:\nextgen\org\apache\velocity\velocity\1.7\velocity-1.7.jar;c:\nextgen\commons-lang\commons-lang\2.4\commons-lang-2.4.jar;c:\nextgen\com\google\guava\guava\21.0\guava-21.0.jar;c:\nextgen\com\lmax\disruptor\3.3.4\disruptor-3.3.4.jar;c:\nextgen\org\apache\httpcomponents\fluent-hc\4.5.3\fluent-hc-4.5.3.jar;c:\nextgen\org\apache\commons\commons-collections4\4.1\commons-collections4-4.1.jar;c:\nextgen\com\yodlee\categorization\yodSdRuleEngine\2.0.1\yodSdRuleEngine-2.0.1.jar;c:\nextgen\com\yodlee\sdp\ConfigCommons\3.0\ConfigCommons-3.0.jar;c:\nextgen\org\freemarker\freemarker\2.3.27-incubating\freemarker-2.3.27-incubating.jar;c:\nextgen\commons-codec\commons-codec\1.11\commons-codec-1.11.jar;c:\nextgen\com\yodlee\common\yodleeUtils\5.0.10\yodleeUtils-5.0.10.jar;c:\nextgen\org\apache\commons\commons-lang3\3.7\commons-lang3-3.7.jar;c:\nextgen\org\jasypt\jasypt-spring3\1.9.2\jasypt-spring3-1.9.2.jar;c:\nextgen\org\jasypt\jasypt\1.9.2\jasypt-1.9.2.jar;"/>
    <property name="java.vm.vendor" value="Oracle Corporation"/>
    <property name="sun.arch.data.model" value="64"/>
    <property name="user.variant" value=""/>
    <property name="java.vendor.url" value="http://java.oracle.com/"/>
    <property name="user.timezone" value=""/>
    <property name="java.vm.specification.version" value="1.8"/>
    <property name="os.name" value="Windows 10"/>
    <property name="user.country" value="US"/>
    <property name="sun.java.launcher" value="SUN_STANDARD"/>
    <property name="sun.boot.library.path" value="C:\Java\jdk1.8.0_101_backup\jre\bin"/>
    <property name="sun.java.command" value="C:\Users\mgarg\AppData\Local\Temp\surefire5995297593998112961\surefirebooter1091073901054042273.jar C:\Users\mgarg\AppData\Local\Temp\surefire5995297593998112961 2020-11-17T13-35-25_970-jvmRun1 surefire8281183829307162268tmp surefire_07264262794934355881tmp"/>
    <property name="surefire.test.class.path" value="C:\Platform\razor\categorization\service\postgres\target\test-classes;C:\Platform\razor\categorization\service\postgres\target\classes;c:\nextgen\org\apache\commons\commons-csv\1.1\commons-csv-1.1.jar;c:\nextgen\com\google\code\gson\gson\2.8.2\gson-2.8.2.jar;c:\nextgen\org\springframework\boot\spring-boot-starter\2.0.0.RELEASE\spring-boot-starter-2.0.0.RELEASE.jar;c:\nextgen\org\springframework\boot\spring-boot\2.0.0.RELEASE\spring-boot-2.0.0.RELEASE.jar;c:\nextgen\org\springframework\spring-context\5.0.4.RELEASE\spring-context-5.0.4.RELEASE.jar;c:\nextgen\org\springframework\boot\spring-boot-autoconfigure\2.0.0.RELEASE\spring-boot-autoconfigure-2.0.0.RELEASE.jar;c:\nextgen\javax\annotation\javax.annotation-api\1.3.2\javax.annotation-api-1.3.2.jar;c:\nextgen\org\springframework\boot\spring-boot-starter-log4j2\2.0.0.RELEASE\spring-boot-starter-log4j2-2.0.0.RELEASE.jar;c:\nextgen\org\apache\logging\log4j\log4j-slf4j-impl\2.10.0\log4j-slf4j-impl-2.10.0.jar;c:\nextgen\org\apache\logging\log4j\log4j-api\2.10.0\log4j-api-2.10.0.jar;c:\nextgen\org\apache\logging\log4j\log4j-core\2.10.0\log4j-core-2.10.0.jar;c:\nextgen\org\slf4j\jul-to-slf4j\1.7.25\jul-to-slf4j-1.7.25.jar;c:\nextgen\com\amazonaws\aws-java-sdk-s3\1.11.24\aws-java-sdk-s3-1.11.24.jar;c:\nextgen\com\amazonaws\aws-java-sdk-kms\1.11.24\aws-java-sdk-kms-1.11.24.jar;c:\nextgen\com\amazonaws\aws-java-sdk-core\1.11.24\aws-java-sdk-core-1.11.24.jar;c:\nextgen\com\fasterxml\jackson\dataformat\jackson-dataformat-cbor\2.9.4\jackson-dataformat-cbor-2.9.4.jar;c:\nextgen\joda-time\joda-time\2.9.9\joda-time-2.9.9.jar;c:\nextgen\org\springframework\boot\spring-boot-starter-web\2.0.0.RELEASE\spring-boot-starter-web-2.0.0.RELEASE.jar;c:\nextgen\org\springframework\boot\spring-boot-starter-json\2.0.0.RELEASE\spring-boot-starter-json-2.0.0.RELEASE.jar;c:\nextgen\com\fasterxml\jackson\datatype\jackson-datatype-jdk8\2.9.4\jackson-datatype-jdk8-2.9.4.jar;c:\nextgen\com\fasterxml\jackson\datatype\jackson-datatype-jsr310\2.9.4\jackson-datatype-jsr310-2.9.4.jar;c:\nextgen\com\fasterxml\jackson\module\jackson-module-parameter-names\2.9.4\jackson-module-parameter-names-2.9.4.jar;c:\nextgen\org\hibernate\validator\hibernate-validator\6.0.7.Final\hibernate-validator-6.0.7.Final.jar;c:\nextgen\javax\validation\validation-api\2.0.1.Final\validation-api-2.0.1.Final.jar;c:\nextgen\com\fasterxml\classmate\1.3.4\classmate-1.3.4.jar;c:\nextgen\org\springframework\spring-web\5.0.4.RELEASE\spring-web-5.0.4.RELEASE.jar;c:\nextgen\org\springframework\spring-webmvc\5.0.4.RELEASE\spring-webmvc-5.0.4.RELEASE.jar;c:\nextgen\org\springframework\spring-aop\5.0.4.RELEASE\spring-aop-5.0.4.RELEASE.jar;c:\nextgen\org\apache\lucene\lucene-core\6.1.0\lucene-core-6.1.0.jar;c:\nextgen\org\apache\lucene\lucene-analyzers-common\6.1.0\lucene-analyzers-common-6.1.0.jar;c:\nextgen\org\apache\lucene\lucene-queryparser\7.1.0\lucene-queryparser-7.1.0.jar;c:\nextgen\org\apache\lucene\lucene-queries\7.1.0\lucene-queries-7.1.0.jar;c:\nextgen\org\apache\lucene\lucene-sandbox\7.1.0\lucene-sandbox-7.1.0.jar;c:\nextgen\org\apache\httpcomponents\httpasyncclient\4.1.3\httpasyncclient-4.1.3.jar;c:\nextgen\org\apache\httpcomponents\httpcore\4.4.9\httpcore-4.4.9.jar;c:\nextgen\org\apache\httpcomponents\httpcore-nio\4.4.9\httpcore-nio-4.4.9.jar;c:\nextgen\org\apache\httpcomponents\httpclient\4.5.5\httpclient-4.5.5.jar;c:\nextgen\org\postgresql\postgresql\42.2.18\postgresql-42.2.18.jar;c:\nextgen\org\checkerframework\checker-qual\3.5.0\checker-qual-3.5.0.jar;c:\nextgen\org\springframework\spring-core\5.0.5.RELEASE\spring-core-5.0.5.RELEASE.jar;c:\nextgen\org\springframework\spring-jcl\5.0.4.RELEASE\spring-jcl-5.0.4.RELEASE.jar;c:\nextgen\org\springframework\data\spring-data-commons\2.0.7.RELEASE\spring-data-commons-2.0.7.RELEASE.jar;c:\nextgen\org\springframework\spring-beans\5.0.4.RELEASE\spring-beans-5.0.4.RELEASE.jar;c:\nextgen\org\slf4j\slf4j-api\1.7.25\slf4j-api-1.7.25.jar;c:\nextgen\org\springframework\spring-expression\5.0.5.RELEASE\spring-expression-5.0.5.RELEASE.jar;c:\nextgen\org\springframework\spring-oxm\5.0.4.RELEASE\spring-oxm-5.0.4.RELEASE.jar;c:\nextgen\org\springframework\boot\spring-boot-starter-test\2.0.0.RELEASE\spring-boot-starter-test-2.0.0.RELEASE.jar;c:\nextgen\org\springframework\boot\spring-boot-test\2.0.0.RELEASE\spring-boot-test-2.0.0.RELEASE.jar;c:\nextgen\org\springframework\boot\spring-boot-test-autoconfigure\2.0.0.RELEASE\spring-boot-test-autoconfigure-2.0.0.RELEASE.jar;c:\nextgen\com\jayway\jsonpath\json-path\2.4.0\json-path-2.4.0.jar;c:\nextgen\net\minidev\json-smart\2.3\json-smart-2.3.jar;c:\nextgen\net\minidev\accessors-smart\1.2\accessors-smart-1.2.jar;c:\nextgen\org\ow2\asm\asm\5.0.4\asm-5.0.4.jar;c:\nextgen\junit\junit\4.12\junit-4.12.jar;c:\nextgen\org\assertj\assertj-core\3.9.1\assertj-core-3.9.1.jar;c:\nextgen\org\mockito\mockito-core\2.15.0\mockito-core-2.15.0.jar;c:\nextgen\net\bytebuddy\byte-buddy-agent\1.7.10\byte-buddy-agent-1.7.10.jar;c:\nextgen\org\objenesis\objenesis\2.6\objenesis-2.6.jar;c:\nextgen\org\hamcrest\hamcrest-core\1.3\hamcrest-core-1.3.jar;c:\nextgen\org\hamcrest\hamcrest-library\1.3\hamcrest-library-1.3.jar;c:\nextgen\org\skyscreamer\jsonassert\1.5.0\jsonassert-1.5.0.jar;c:\nextgen\com\vaadin\external\google\android-json\0.0.20131108.vaadin1\android-json-0.0.20131108.vaadin1.jar;c:\nextgen\org\springframework\spring-test\5.0.4.RELEASE\spring-test-5.0.4.RELEASE.jar;c:\nextgen\org\xmlunit\xmlunit-core\2.5.1\xmlunit-core-2.5.1.jar;c:\nextgen\org\springframework\boot\spring-boot-starter-thymeleaf\2.0.0.RELEASE\spring-boot-starter-thymeleaf-2.0.0.RELEASE.jar;c:\nextgen\org\thymeleaf\thymeleaf-spring5\3.0.9.RELEASE\thymeleaf-spring5-3.0.9.RELEASE.jar;c:\nextgen\org\thymeleaf\thymeleaf\3.0.9.RELEASE\thymeleaf-3.0.9.RELEASE.jar;c:\nextgen\org\attoparser\attoparser\2.0.4.RELEASE\attoparser-2.0.4.RELEASE.jar;c:\nextgen\org\unbescape\unbescape\1.1.5.RELEASE\unbescape-1.1.5.RELEASE.jar;c:\nextgen\org\thymeleaf\extras\thymeleaf-extras-java8time\3.0.1.RELEASE\thymeleaf-extras-java8time-3.0.1.RELEASE.jar;c:\nextgen\org\springframework\boot\spring-boot-devtools\2.0.0.RELEASE\spring-boot-devtools-2.0.0.RELEASE.jar;c:\nextgen\org\codehaus\castor\castor\1.2\castor-1.2.jar;c:\nextgen\commons-logging\commons-logging\1.1.1\commons-logging-1.1.1.jar;c:\nextgen\org\yaml\snakeyaml\1.26\snakeyaml-1.26.jar;c:\nextgen\commons-io\commons-io\2.7\commons-io-2.7.jar;c:\nextgen\commons-beanutils\commons-beanutils\1.9.4\commons-beanutils-1.9.4.jar;c:\nextgen\commons-collections\commons-collections\3.2.2\commons-collections-3.2.2.jar;c:\nextgen\com\fasterxml\jackson\core\jackson-databind\2.10.0\jackson-databind-2.10.0.jar;c:\nextgen\com\fasterxml\jackson\core\jackson-core\2.10.0\jackson-core-2.10.0.jar;c:\nextgen\com\fasterxml\jackson\core\jackson-annotations\2.10.0\jackson-annotations-2.10.0.jar;c:\nextgen\org\springframework\boot\spring-boot-starter-data-jpa\2.0.0.RELEASE\spring-boot-starter-data-jpa-2.0.0.RELEASE.jar;c:\nextgen\org\springframework\boot\spring-boot-starter-aop\2.0.0.RELEASE\spring-boot-starter-aop-2.0.0.RELEASE.jar;c:\nextgen\org\aspectj\aspectjweaver\1.8.13\aspectjweaver-1.8.13.jar;c:\nextgen\org\springframework\boot\spring-boot-starter-jdbc\2.0.0.RELEASE\spring-boot-starter-jdbc-2.0.0.RELEASE.jar;c:\nextgen\com\zaxxer\HikariCP\2.7.8\HikariCP-2.7.8.jar;c:\nextgen\org\springframework\spring-jdbc\5.0.4.RELEASE\spring-jdbc-5.0.4.RELEASE.jar;c:\nextgen\org\hibernate\hibernate-core\5.2.14.Final\hibernate-core-5.2.14.Final.jar;c:\nextgen\antlr\antlr\2.7.7\antlr-2.7.7.jar;c:\nextgen\org\jboss\jandex\2.0.3.Final\jandex-2.0.3.Final.jar;c:\nextgen\javax\transaction\javax.transaction-api\1.2\javax.transaction-api-1.2.jar;c:\nextgen\org\springframework\data\spring-data-jpa\2.0.5.RELEASE\spring-data-jpa-2.0.5.RELEASE.jar;c:\nextgen\org\springframework\spring-orm\5.0.4.RELEASE\spring-orm-5.0.4.RELEASE.jar;c:\nextgen\org\springframework\spring-tx\5.0.4.RELEASE\spring-tx-5.0.4.RELEASE.jar;c:\nextgen\org\springframework\spring-aspects\5.0.4.RELEASE\spring-aspects-5.0.4.RELEASE.jar;c:\nextgen\javax\servlet\javax.servlet-api\3.1.0\javax.servlet-api-3.1.0.jar;c:\nextgen\javax\inject\javax.inject\1\javax.inject-1.jar;c:\nextgen\org\hibernate\hibernate-entitymanager\5.2.14.Final\hibernate-entitymanager-5.2.14.Final.jar;c:\nextgen\org\jboss\logging\jboss-logging\3.3.2.Final\jboss-logging-3.3.2.Final.jar;c:\nextgen\dom4j\dom4j\1.6.1\dom4j-1.6.1.jar;c:\nextgen\org\hibernate\common\hibernate-commons-annotations\5.0.1.Final\hibernate-commons-annotations-5.0.1.Final.jar;c:\nextgen\org\hibernate\javax\persistence\hibernate-jpa-2.1-api\1.0.0.Final\hibernate-jpa-2.1-api-1.0.0.Final.jar;c:\nextgen\org\javassist\javassist\3.22.0-GA\javassist-3.22.0-GA.jar;c:\nextgen\net\bytebuddy\byte-buddy\1.7.10\byte-buddy-1.7.10.jar;c:\nextgen\org\jboss\spec\javax\transaction\jboss-transaction-api_1.2_spec\1.0.1.Final\jboss-transaction-api_1.2_spec-1.0.1.Final.jar;c:\nextgen\org\apache\velocity\velocity\1.7\velocity-1.7.jar;c:\nextgen\commons-lang\commons-lang\2.4\commons-lang-2.4.jar;c:\nextgen\com\google\guava\guava\21.0\guava-21.0.jar;c:\nextgen\com\lmax\disruptor\3.3.4\disruptor-3.3.4.jar;c:\nextgen\org\apache\httpcomponents\fluent-hc\4.5.3\fluent-hc-4.5.3.jar;c:\nextgen\org\apache\commons\commons-collections4\4.1\commons-collections4-4.1.jar;c:\nextgen\com\yodlee\categorization\yodSdRuleEngine\2.0.1\yodSdRuleEngine-2.0.1.jar;c:\nextgen\com\yodlee\sdp\ConfigCommons\3.0\ConfigCommons-3.0.jar;c:\nextgen\org\freemarker\freemarker\2.3.27-incubating\freemarker-2.3.27-incubating.jar;c:\nextgen\commons-codec\commons-codec\1.11\commons-codec-1.11.jar;c:\nextgen\com\yodlee\common\yodleeUtils\5.0.10\yodleeUtils-5.0.10.jar;c:\nextgen\org\apache\commons\commons-lang3\3.7\commons-lang3-3.7.jar;c:\nextgen\org\jasypt\jasypt-spring3\1.9.2\jasypt-spring3-1.9.2.jar;c:\nextgen\org\jasypt\jasypt\1.9.2\jasypt-1.9.2.jar;"/>
    <property name="sun.cpu.endian" value="little"/>
    <property name="user.home" value="C:\Users\mgarg"/>
    <property name="user.language" value="en"/>
    <property name="java.specification.vendor" value="Oracle Corporation"/>
    <property name="java.home" value="C:\Java\jdk1.8.0_101_backup\jre"/>
    <property name="basedir" value="C:\Platform\razor\categorization\service\postgres"/>
    <property name="file.separator" value="\"/>
    <property name="line.separator" value="&#10;"/>
    <property name="java.vm.specification.vendor" value="Oracle Corporation"/>
    <property name="java.specification.name" value="Java Platform API Specification"/>
    <property name="java.awt.graphicsenv" value="sun.awt.Win32GraphicsEnvironment"/>
    <property name="surefire.real.class.path" value="C:\Users\mgarg\AppData\Local\Temp\surefire5995297593998112961\surefirebooter1091073901054042273.jar"/>
    <property name="sun.boot.class.path" value="C:\Java\jdk1.8.0_101_backup\jre\lib\resources.jar;C:\Java\jdk1.8.0_101_backup\jre\lib\rt.jar;C:\Java\jdk1.8.0_101_backup\jre\lib\sunrsasign.jar;C:\Java\jdk1.8.0_101_backup\jre\lib\jsse.jar;C:\Java\jdk1.8.0_101_backup\jre\lib\jce.jar;C:\Java\jdk1.8.0_101_backup\jre\lib\charsets.jar;C:\Java\jdk1.8.0_101_backup\jre\lib\jfr.jar;C:\Java\jdk1.8.0_101_backup\jre\classes"/>
    <property name="user.script" value=""/>
    <property name="sun.management.compiler" value="HotSpot 64-Bit Tiered Compilers"/>
    <property name="java.runtime.version" value="1.8.0_101-b13"/>
    <property name="user.name" value="mgarg"/>
    <property name="path.separator" value=";"/>
    <property name="os.version" value="10.0"/>
    <property name="java.endorsed.dirs" value="C:\Java\jdk1.8.0_101_backup\jre\lib\endorsed"/>
    <property name="java.runtime.name" value="Java(TM) SE Runtime Environment"/>
    <property name="file.encoding" value="Cp1252"/>
    <property name="java.vm.name" value="Java HotSpot(TM) 64-Bit Server VM"/>
    <property name="localRepository" value="c:\nextgen"/>
    <property name="java.vendor.url.bug" value="http://bugreport.sun.com/bugreport/"/>
    <property name="java.io.tmpdir" value="C:\Users\mgarg\AppData\Local\Temp\"/>
    <property name="java.version" value="1.8.0_101"/>
    <property name="user.dir" value="C:\Platform\razor\categorization\service\postgres"/>
    <property name="os.arch" value="amd64"/>
    <property name="java.vm.specification.name" value="Java Virtual Machine Specification"/>
    <property name="java.awt.printerjob" value="sun.awt.windows.WPrinterJob"/>
    <property name="sun.os.patch.level" value=""/>
    <property name="java.library.path" value="C:\Java\jdk1.8.0_101_backup\jre\bin;C:\WINDOWS\Sun\Java\bin;C:\WINDOWS\system32;C:\WINDOWS;C:\Program Files (x86)\Intel\Intel(R) Management Engine Components\iCLS\;C:\Program Files\Intel\Intel(R) Management Engine Components\iCLS\;C:\Program Files (x86)\Common Files\Oracle\Java\javapath;C:\Program Files\Docker\Docker\Resources\bin;C:\WINDOWS\system32;C:\WINDOWS;C:\WINDOWS\System32\Wbem;C:\WINDOWS\System32\WindowsPowerShell\v1.0\;C:\Program Files\Intel\WiFi\bin\;C:\Program Files\Common Files\Intel\WirelessCommon\;C:\Program Files\Perforce;C:\Java\jdk1.8.0_101_backup\bin\;%M2_HOME%;C:\apache-maven-3.3.9\bin\;D:\Ant1.9.4\bin\;C:\Program Files\nodejs\;%CUDA_HOME%;C:\Program Files (x86)\Intel\Intel(R) Management Engine Components\DAL;C:\Program Files\Intel\Intel(R) Management Engine Components\DAL;C:\Program Files\PuTTY\;C:\Program Files\Amazon\AWSCLI\bin\;C:\Program Files\Git\cmd;D:\kafka\confluent-5.1.2\bin\windows;C:\Users\mgarg\AppData\Local\Programs\Python\Python37\Scripts\;C:\Users\mgarg\AppData\Local\Programs\Python\Python37\;C:\Users\mgarg\AppData\Local\Microsoft\WindowsApps;C:\Users\mgarg\AppData\Roaming\npm;C:\Users\mgarg\AppData\Local\Programs\Fiddler;C:\CUDA\lib\x64;C:\kafka_2.12-2.1.1\bin\windows;."/>
    <property name="java.vm.info" value="mixed mode"/>
    <property name="java.vendor" value="Oracle Corporation"/>
    <property name="java.vm.version" value="25.101-b13"/>
    <property name="java.ext.dirs" value="C:\Java\jdk1.8.0_101_backup\jre\lib\ext;C:\WINDOWS\Sun\Java\lib\ext"/>
    <property name="sun.io.unicode.encoding" value="UnicodeLittle"/>
    <property name="java.class.version" value="52.0"/>
  </properties>
  <testcase name="testUncategorizedWithTDEEnabledWithDiffBaseType" classname="com.yodlee.categorization.algo.legacy.LegacyCategorisationServiceImplTest" time="0.03"/>
  <testcase name="testCategoryForRefundAndAdjustmentWithMCC" classname="com.yodlee.categorization.algo.legacy.LegacyCategorisationServiceImplTest" time="0.004"/>
  <testcase name="testCategorisationForInvestmentWithMergerEnabled" classname="com.yodlee.categorization.algo.legacy.LegacyCategorisationServiceImplTest" time="0.003"/>
  <testcase name="testCategorisationForCardWithMergerDisabled" classname="com.yodlee.categorization.algo.legacy.LegacyCategorisationServiceImplTest" time="0.003"/>
  <testcase name="testCategorisationForInsuranceWithMergerEnabled" classname="com.yodlee.categorization.algo.legacy.LegacyCategorisationServiceImplTest" time="0.002"/>
  <testcase name="testSimpleDescForInsuranceWithDummyMerchant" classname="com.yodlee.categorization.algo.legacy.LegacyCategorisationServiceImplTest" time="0.003"/>
  <testcase name="testGranularCategoryForRefundAndAdjustment" classname="com.yodlee.categorization.algo.legacy.LegacyCategorisationServiceImplTest" time="0.004"/>
  <testcase name="testCategorisationForCardWithMergerEnabled" classname="com.yodlee.categorization.algo.legacy.LegacyCategorisationServiceImplTest" time="0.004"/>
  <testcase name="testCategoryForRefundAndAdjustment" classname="com.yodlee.categorization.algo.legacy.LegacyCategorisationServiceImplTest" time="0.004"/>
  <testcase name="testUncategorizedForBankContainerWithTDEEnabled" classname="com.yodlee.categorization.algo.legacy.LegacyCategorisationServiceImplTest" time="0.004"/>
  <testcase name="testUncategorizedForBankContainerWithBaseTypeDebit" classname="com.yodlee.categorization.algo.legacy.LegacyCategorisationServiceImplTest" time="0.004"/>
  <testcase name="testCategorisationForInsuranceWithDummyMerchant" classname="com.yodlee.categorization.algo.legacy.LegacyCategorisationServiceImplTest" time="0.004"/>
  <testcase name="testCategorisationForBankWithMergerEnabled" classname="com.yodlee.categorization.algo.legacy.LegacyCategorisationServiceImplTest" time="0.004"/>
  <testcase name="testGranularCategoryForInvalidContainer" classname="com.yodlee.categorization.algo.legacy.LegacyCategorisationServiceImplTest" time="0.004"/>
  <testcase name="testCategorisationForInvestmentWithoutCategoryMerger" classname="com.yodlee.categorization.algo.legacy.LegacyCategorisationServiceImplTest" time="0.005"/>
  <testcase name="testCategorisationForInvestmentWithMergerDisabled" classname="com.yodlee.categorization.algo.legacy.LegacyCategorisationServiceImplTest" time="0.005"/>
  <testcase name="testCategorisationForInvestment" classname="com.yodlee.categorization.algo.legacy.LegacyCategorisationServiceImplTest" time="0.004"/>
  <testcase name="testCategorySourceForDebitCardContainer" classname="com.yodlee.categorization.algo.legacy.LegacyCategorisationServiceImplTest" time="0.004"/>
  <testcase name="testUncategorizedWithEmptySlamBangWord" classname="com.yodlee.categorization.algo.legacy.LegacyCategorisationServiceImplTest" time="0.005"/>
  <testcase name="testSimpleDescForInsuranceWithoutDummyMerchant" classname="com.yodlee.categorization.algo.legacy.LegacyCategorisationServiceImplTest" time="0.005"/>
  <testcase name="testUncategorized" classname="com.yodlee.categorization.algo.legacy.LegacyCategorisationServiceImplTest" time="0.004"/>
  <testcase name="testCategorisationForBankWithMergerDisabled" classname="com.yodlee.categorization.algo.legacy.LegacyCategorisationServiceImplTest" time="0.004"/>
  <testcase name="testUncategorizedForBankContainerWithBaseTypeCredit" classname="com.yodlee.categorization.algo.legacy.LegacyCategorisationServiceImplTest" time="0.004"/>
  <testcase name="testCategorisationForInvestmentWithTdeEnabled" classname="com.yodlee.categorization.algo.legacy.LegacyCategorisationServiceImplTest" time="0.005"/>
  <testcase name="testCategorisationForInvestmentWithTdeDisabled" classname="com.yodlee.categorization.algo.legacy.LegacyCategorisationServiceImplTest" time="0.004"/>
  <testcase name="testCategorisationForBank" classname="com.yodlee.categorization.algo.legacy.LegacyCategorisationServiceImplTest" time="0.005"/>
  <testcase name="testCategorisationForInsuranceWithMergerDisabled" classname="com.yodlee.categorization.algo.legacy.LegacyCategorisationServiceImplTest" time="0.004"/>
  <testcase name="testUncategorizedForDebitCardContainer" classname="com.yodlee.categorization.algo.legacy.LegacyCategorisationServiceImplTest" time="0.005"/>
  <testcase name="testUncategorizedForCreditCardContainer" classname="com.yodlee.categorization.algo.legacy.LegacyCategorisationServiceImplTest" time="0.004"/>
</testsuite>